

Microchip Technology PIC18 LITE Macro Assembler V1.36 build -262312587 
                                                                                               Thu Oct 20 11:53:58 2022

Microchip Technology Omniscient Code Generator v1.36 (Free mode) build 201601150325
     1                           	processor	18F4580
     2                           	fnconf	rparam,??,?,0
     3                           	opt	pw 120
     4                           	opt	lm
     5                           	psect	idataCOMRAM,global,class=CODE,delta=1
     6                           	psect	smallconst,global,reloc=2,class=SMALLCONST,delta=1
     7                           	psect	cinit,global,reloc=2,class=CODE,delta=1
     8                           	psect	dataCOMRAM,global,class=COMRAM,space=1,delta=1
     9                           	psect	cstackCOMRAM,global,class=COMRAM,space=1,delta=1
    10                           	psect	text0,global,reloc=2,class=CODE,delta=1
    11                           	psect	text1,global,reloc=2,class=CODE,delta=1
    12                           	psect	text2,global,reloc=2,class=CODE,delta=1
    13                           	psect	text3,global,reloc=2,class=CODE,delta=1
    14                           	psect	text4,global,reloc=2,class=CODE,delta=1
    15                           	psect	text5,global,reloc=2,class=CODE,delta=1
    16                           	psect	text6,global,reloc=2,class=CODE,delta=1
    17                           	psect	intsave_regs,global,class=BIGRAM,space=1,delta=1
    18                           	psect	rparam,global,class=COMRAM,space=1,delta=1
    19  0000                     
    20                           	psect	idataCOMRAM
    21  0007D6                     __pidataCOMRAM:
    22                           	opt stack 0
    23                           
    24                           ;initializer for read_digital_keypad@once
    25  0007D6  01                 	db	1
    26  0000                     _PORTC	set	3970
    27  0000                     _RCREG	set	4014
    28  0000                     _SPBRG	set	4015
    29  0000                     _TRISC	set	3988
    30  0000                     _TXREG	set	4013
    31  0000                     _BRGH	set	32098
    32  0000                     _CREN	set	32092
    33  0000                     _RCIE	set	31981
    34  0000                     _RCIF	set	31989
    35  0000                     _SPEN	set	32095
    36  0000                     _TRISC6	set	31910
    37  0000                     _TRISC7	set	31911
    38  0000                     _TXIF	set	31988
    39                           
    40                           	psect	smallconst
    41  000600                     __psmallconst:
    42                           	opt stack 0
    43  000600  00                 	db	0
    44  000601                     STR_1:
    45  000601  4B                 	db	75	;'K'
    46  000602  65                 	db	101	;'e'
    47  000603  79                 	db	121	;'y'
    48  000604  20                 	db	32
    49  000605  64                 	db	100	;'d'
    50  000606  65                 	db	101	;'e'
    51  000607  74                 	db	116	;'t'
    52  000608  65                 	db	101	;'e'
    53  000609  63                 	db	99	;'c'
    54  00060A  74                 	db	116	;'t'
    55  00060B  69                 	db	105	;'i'
    56  00060C  6F                 	db	111	;'o'
    57  00060D  6E                 	db	110	;'n'
    58  00060E  20                 	db	32
    59  00060F  66                 	db	102	;'f'
    60  000610  65                 	db	101	;'e'
    61  000611  65                 	db	101	;'e'
    62  000612  64                 	db	100	;'d'
    63  000613  62                 	db	98	;'b'
    64  000614  61                 	db	97	;'a'
    65  000615  63                 	db	99	;'c'
    66  000616  6B                 	db	107	;'k'
    67  000617  20                 	db	32
    68  000618  75                 	db	117	;'u'
    69  000619  73                 	db	115	;'s'
    70  00061A  69                 	db	105	;'i'
    71  00061B  6E                 	db	110	;'n'
    72  00061C  67                 	db	103	;'g'
    73  00061D  20                 	db	32
    74  00061E  55                 	db	85	;'U'
    75  00061F  41                 	db	65	;'A'
    76  000620  52                 	db	82	;'R'
    77  000621  54                 	db	84	;'T'
    78  000622  0A                 	db	10
    79  000623  0D                 	db	13
    80  000624  00                 	db	0
    81  000625                     STR_2:
    82  000625  50                 	db	80	;'P'
    83  000626  72                 	db	114	;'r'
    84  000627  65                 	db	101	;'e'
    85  000628  73                 	db	115	;'s'
    86  000629  73                 	db	115	;'s'
    87  00062A  20                 	db	32
    88  00062B  61                 	db	97	;'a'
    89  00062C  6E                 	db	110	;'n'
    90  00062D  79                 	db	121	;'y'
    91  00062E  20                 	db	32
    92  00062F  64                 	db	100	;'d'
    93  000630  69                 	db	105	;'i'
    94  000631  67                 	db	103	;'g'
    95  000632  69                 	db	105	;'i'
    96  000633  74                 	db	116	;'t'
    97  000634  61                 	db	97	;'a'
    98  000635  6C                 	db	108	;'l'
    99  000636  20                 	db	32
   100  000637  6B                 	db	107	;'k'
   101  000638  65                 	db	101	;'e'
   102  000639  79                 	db	121	;'y'
   103  00063A  3A                 	db	58	;':'
   104  00063B  0A                 	db	10
   105  00063C  0D                 	db	13
   106  00063D  00                 	db	0
   107  00063E                     STR_3:
   108  00063E  0A                 	db	10
   109  00063F  53                 	db	83	;'S'
   110  000640  57                 	db	87	;'W'
   111  000641  49                 	db	73	;'I'
   112  000642  54                 	db	84	;'T'
   113  000643  43                 	db	67	;'C'
   114  000644  48                 	db	72	;'H'
   115  000645  20                 	db	32
   116  000646  31                 	db	49	;'1'
   117  000647  20                 	db	32
   118  000648  44                 	db	68	;'D'
   119  000649  45                 	db	69	;'E'
   120  00064A  54                 	db	84	;'T'
   121  00064B  45                 	db	69	;'E'
   122  00064C  43                 	db	67	;'C'
   123  00064D  54                 	db	84	;'T'
   124  00064E  45                 	db	69	;'E'
   125  00064F  44                 	db	68	;'D'
   126  000650  00                 	db	0
   127  000651                     STR_4:
   128  000651  0A                 	db	10
   129  000652  53                 	db	83	;'S'
   130  000653  57                 	db	87	;'W'
   131  000654  49                 	db	73	;'I'
   132  000655  54                 	db	84	;'T'
   133  000656  43                 	db	67	;'C'
   134  000657  48                 	db	72	;'H'
   135  000658  20                 	db	32
   136  000659  32                 	db	50	;'2'
   137  00065A  20                 	db	32
   138  00065B  44                 	db	68	;'D'
   139  00065C  45                 	db	69	;'E'
   140  00065D  54                 	db	84	;'T'
   141  00065E  45                 	db	69	;'E'
   142  00065F  43                 	db	67	;'C'
   143  000660  54                 	db	84	;'T'
   144  000661  45                 	db	69	;'E'
   145  000662  44                 	db	68	;'D'
   146  000663  00                 	db	0
   147  000664                     STR_5:
   148  000664  0A                 	db	10
   149  000665  53                 	db	83	;'S'
   150  000666  57                 	db	87	;'W'
   151  000667  49                 	db	73	;'I'
   152  000668  54                 	db	84	;'T'
   153  000669  43                 	db	67	;'C'
   154  00066A  48                 	db	72	;'H'
   155  00066B  20                 	db	32
   156  00066C  33                 	db	51	;'3'
   157  00066D  20                 	db	32
   158  00066E  44                 	db	68	;'D'
   159  00066F  45                 	db	69	;'E'
   160  000670  54                 	db	84	;'T'
   161  000671  45                 	db	69	;'E'
   162  000672  43                 	db	67	;'C'
   163  000673  54                 	db	84	;'T'
   164  000674  45                 	db	69	;'E'
   165  000675  44                 	db	68	;'D'
   166  000676  00                 	db	0
   167  000677                     STR_6:
   168  000677  0A                 	db	10
   169  000678  53                 	db	83	;'S'
   170  000679  57                 	db	87	;'W'
   171  00067A  49                 	db	73	;'I'
   172  00067B  54                 	db	84	;'T'
   173  00067C  43                 	db	67	;'C'
   174  00067D  48                 	db	72	;'H'
   175  00067E  20                 	db	32
   176  00067F  34                 	db	52	;'4'
   177  000680  20                 	db	32
   178  000681  44                 	db	68	;'D'
   179  000682  45                 	db	69	;'E'
   180  000683  54                 	db	84	;'T'
   181  000684  45                 	db	69	;'E'
   182  000685  43                 	db	67	;'C'
   183  000686  54                 	db	84	;'T'
   184  000687  45                 	db	69	;'E'
   185  000688  44                 	db	68	;'D'
   186  000689  00                 	db	0
   187  00068A  00                 	db	0	; dummy byte at the end
   188  0000                     
   189                           ; #config settings
   190                           
   191                           	psect	cinit
   192  00077A                     __pcinit:
   193                           	opt stack 0
   194  00077A                     start_initialization:
   195                           	opt stack 0
   196  00077A                     __initialization:
   197                           	opt stack 0
   198                           
   199                           ; Initialize objects allocated to COMRAM (1 bytes)
   200                           ; load TBLPTR registers with __pidataCOMRAM
   201  00077A  0ED6               	movlw	low __pidataCOMRAM
   202  00077C  6EF6               	movwf	tblptrl,c
   203  00077E  0E07               	movlw	high __pidataCOMRAM
   204  000780  6EF7               	movwf	tblptrh,c
   205  000782  0E00               	movlw	low (__pidataCOMRAM shr (0+16))
   206  000784  6EF8               	movwf	tblptru,c
   207  000786  0009               	tblrd		*+	;fetch initializer
   208  000788  CFF5 F007          	movff	tablat,__pdataCOMRAM
   209  00078C                     end_of_initialization:
   210                           	opt stack 0
   211  00078C                     __end_of__initialization:
   212                           	opt stack 0
   213  00078C  0E00               	movlw	low (__Lsmallconst shr (0+16))
   214  00078E  6EF8               	movwf	tblptru,c
   215  000790  0E06               	movlw	high __Lsmallconst
   216  000792  6EF7               	movwf	tblptrh,c
   217  000794  0100               	movlb	0
   218  000796  EF46  F003         	goto	_main	;jump to C main() function
   219                           tblptru	equ	0xFF8
   220                           tblptrh	equ	0xFF7
   221                           tblptrl	equ	0xFF6
   222                           tablat	equ	0xFF5
   223                           
   224                           	psect	dataCOMRAM
   225  000007                     __pdataCOMRAM:
   226                           	opt stack 0
   227  000007                     read_digital_keypad@once:
   228                           	opt stack 0
   229  000007                     	ds	1
   230                           tblptru	equ	0xFF8
   231                           tblptrh	equ	0xFF7
   232                           tblptrl	equ	0xFF6
   233                           tablat	equ	0xFF5
   234                           
   235                           	psect	cstackCOMRAM
   236  000001                     __pcstackCOMRAM:
   237                           	opt stack 0
   238  000001                     read_digital_keypad@detection_type:
   239                           	opt stack 0
   240  000001                     putch@byte:
   241                           	opt stack 0
   242                           
   243                           ; 1 bytes @ 0x0
   244  000001                     	ds	1
   245  000002                     puts@s:
   246                           	opt stack 0
   247                           
   248                           ; 2 bytes @ 0x1
   249  000002                     	ds	2
   250  000004                     main@i:
   251                           	opt stack 0
   252                           
   253                           ; 2 bytes @ 0x3
   254  000004                     	ds	2
   255  000006                     main@key:
   256                           	opt stack 0
   257                           
   258                           ; 1 bytes @ 0x5
   259  000006                     	ds	1
   260                           tblptru	equ	0xFF8
   261                           tblptrh	equ	0xFF7
   262                           tblptrl	equ	0xFF6
   263                           tablat	equ	0xFF5
   264                           
   265 ;;
   266 ;;Main: autosize = 0, tempsize = 0, incstack = 0, save=0
   267 ;;
   268 ;; *************** function _main *****************
   269 ;; Defined at:
   270 ;;		line 22 in file "main.c"
   271 ;; Parameters:    Size  Location     Type
   272 ;;		None
   273 ;; Auto vars:     Size  Location     Type
   274 ;;  i               2    3[COMRAM] unsigned short 
   275 ;;  key             1    5[COMRAM] unsigned char 
   276 ;; Return value:  Size  Location     Type
   277 ;;                  1    wreg      void 
   278 ;; Registers used:
   279 ;;		wreg, status,2, status,0, tblptrl, tblptrh, tblptru, cstack
   280 ;; Tracked objects:
   281 ;;		On entry : 0/0
   282 ;;		On exit  : 0/0
   283 ;;		Unchanged: 0/0
   284 ;; Data sizes:     COMRAM   BANK0   BANK1   BANK2   BANK3   BANK4   BANK5
   285 ;;      Params:         0       0       0       0       0       0       0
   286 ;;      Locals:         3       0       0       0       0       0       0
   287 ;;      Temps:          0       0       0       0       0       0       0
   288 ;;      Totals:         3       0       0       0       0       0       0
   289 ;;Total ram usage:        3 bytes
   290 ;; Hardware stack levels required when called:    3
   291 ;; This function calls:
   292 ;;		_init_config
   293 ;;		_puts
   294 ;;		_read_digital_keypad
   295 ;; This function is called by:
   296 ;;		Startup code after reset
   297 ;; This function uses a non-reentrant model
   298 ;;
   299                           
   300                           	psect	text0
   301  00068C                     __ptext0:
   302                           	opt stack 0
   303  00068C                     _main:
   304                           	opt stack 28
   305                           
   306                           ;main.c: 24: unsigned char key;
   307                           ;main.c: 25: unsigned short int i;
   308                           ;main.c: 27: init_config();
   309                           
   310                           ;incstack = 0
   311  00068C  ECCD  F003         	call	_init_config	;wreg free
   312                           
   313                           ;main.c: 29: puts("Press any digital key:\n\r");
   314  000690  0E25               	movlw	low STR_2
   315  000692  6E02               	movwf	puts@s,c
   316  000694  0E06               	movlw	high STR_2
   317  000696  6E03               	movwf	puts@s+1,c
   318  000698  ECA8  F003         	call	_puts	;wreg free
   319  00069C                     l809:
   320                           
   321                           ;main.c: 32: {
   322                           ;main.c: 33: key = read_digital_keypad(1);
   323  00069C  0E01               	movlw	1
   324  00069E  EC8A  F003         	call	_read_digital_keypad
   325  0006A2  6E06               	movwf	main@key,c
   326                           
   327                           ;main.c: 35: if( key == 0x0E)
   328  0006A4  0E0E               	movlw	14
   329  0006A6  1806               	xorwf	main@key,w,c
   330  0006A8  A4D8               	btfss	status,2,c
   331  0006AA  D007               	goto	l815
   332                           
   333                           ;main.c: 36: {
   334                           ;main.c: 37: puts("\nSWITCH 1 DETECTED");
   335  0006AC  0E3E               	movlw	low STR_3
   336  0006AE  6E02               	movwf	puts@s,c
   337  0006B0  0E06               	movlw	high STR_3
   338  0006B2  6E03               	movwf	puts@s+1,c
   339  0006B4  ECA8  F003         	call	_puts	;wreg free
   340                           
   341                           ;main.c: 38: }
   342  0006B8  D020               	goto	l827
   343  0006BA                     l815:
   344                           
   345                           ;main.c: 39: else if( key == 0x0D)
   346  0006BA  0E0D               	movlw	13
   347  0006BC  1806               	xorwf	main@key,w,c
   348  0006BE  A4D8               	btfss	status,2,c
   349  0006C0  D007               	goto	l819
   350                           
   351                           ;main.c: 40: {
   352                           ;main.c: 41: puts("\nSWITCH 2 DETECTED");
   353  0006C2  0E51               	movlw	low STR_4
   354  0006C4  6E02               	movwf	puts@s,c
   355  0006C6  0E06               	movlw	high STR_4
   356  0006C8  6E03               	movwf	puts@s+1,c
   357  0006CA  ECA8  F003         	call	_puts	;wreg free
   358                           
   359                           ;main.c: 42: }
   360  0006CE  D015               	goto	l827
   361  0006D0                     l819:
   362                           
   363                           ;main.c: 43: else if( key == 0x0B)
   364  0006D0  0E0B               	movlw	11
   365  0006D2  1806               	xorwf	main@key,w,c
   366  0006D4  A4D8               	btfss	status,2,c
   367  0006D6  D007               	goto	l823
   368                           
   369                           ;main.c: 44: {
   370                           ;main.c: 45: puts("\nSWITCH 3 DETECTED");
   371  0006D8  0E64               	movlw	low STR_5
   372  0006DA  6E02               	movwf	puts@s,c
   373  0006DC  0E06               	movlw	high STR_5
   374  0006DE  6E03               	movwf	puts@s+1,c
   375  0006E0  ECA8  F003         	call	_puts	;wreg free
   376                           
   377                           ;main.c: 46: }
   378  0006E4  D00A               	goto	l827
   379  0006E6                     l823:
   380                           
   381                           ;main.c: 47: else if( key == 0x07)
   382  0006E6  0E07               	movlw	7
   383  0006E8  1806               	xorwf	main@key,w,c
   384  0006EA  A4D8               	btfss	status,2,c
   385  0006EC  D006               	goto	l827
   386                           
   387                           ;main.c: 48: {
   388                           ;main.c: 49: puts("\nSWITCH 4 DETECTED");
   389  0006EE  0E77               	movlw	low STR_6
   390  0006F0  6E02               	movwf	puts@s,c
   391  0006F2  0E06               	movlw	high STR_6
   392  0006F4  6E03               	movwf	puts@s+1,c
   393  0006F6  ECA8  F003         	call	_puts	;wreg free
   394  0006FA                     l827:
   395                           
   396                           ;main.c: 50: }
   397                           ;main.c: 52: for(i=250;i--;);
   398  0006FA  0E00               	movlw	0
   399  0006FC  6E05               	movwf	main@i+1,c
   400  0006FE  0EFA               	movlw	250
   401  000700  6E04               	movwf	main@i,c
   402  000702                     l829:
   403  000702  0604               	decf	main@i,f,c
   404  000704  A0D8               	btfss	status,0,c
   405  000706  0605               	decf	main@i+1,f,c
   406  000708  2804               	incf	main@i,w,c
   407  00070A  E1FB               	bnz	l829
   408  00070C  2805               	incf	main@i+1,w,c
   409  00070E  B4D8               	btfsc	status,2,c
   410  000710  D7C5               	goto	l809
   411  000712  D7F7               	goto	l829
   412  000714                     __end_of_main:
   413                           	opt stack 0
   414                           tblptru	equ	0xFF8
   415                           tblptrh	equ	0xFF7
   416                           tblptrl	equ	0xFF6
   417                           tablat	equ	0xFF5
   418                           status	equ	0xFD8
   419                           
   420 ;; *************** function _read_digital_keypad *****************
   421 ;; Defined at:
   422 ;;		line 10 in file "digital_keypad.c"
   423 ;; Parameters:    Size  Location     Type
   424 ;;  detection_ty    1    wreg     unsigned char 
   425 ;; Auto vars:     Size  Location     Type
   426 ;;  detection_ty    1    0[COMRAM] unsigned char 
   427 ;; Return value:  Size  Location     Type
   428 ;;                  1    wreg      unsigned char 
   429 ;; Registers used:
   430 ;;		wreg, status,2, status,0
   431 ;; Tracked objects:
   432 ;;		On entry : 0/0
   433 ;;		On exit  : 0/0
   434 ;;		Unchanged: 0/0
   435 ;; Data sizes:     COMRAM   BANK0   BANK1   BANK2   BANK3   BANK4   BANK5
   436 ;;      Params:         0       0       0       0       0       0       0
   437 ;;      Locals:         1       0       0       0       0       0       0
   438 ;;      Temps:          0       0       0       0       0       0       0
   439 ;;      Totals:         1       0       0       0       0       0       0
   440 ;;Total ram usage:        1 bytes
   441 ;; Hardware stack levels used:    1
   442 ;; This function calls:
   443 ;;		Nothing
   444 ;; This function is called by:
   445 ;;		_main
   446 ;; This function uses a non-reentrant model
   447 ;;
   448                           
   449                           	psect	text1
   450  000714                     __ptext1:
   451                           	opt stack 0
   452  000714                     _read_digital_keypad:
   453                           	opt stack 30
   454                           
   455                           ;incstack = 0
   456                           ;read_digital_keypad@detection_type stored from wreg
   457  000714  6E01               	movwf	read_digital_keypad@detection_type,c
   458                           
   459                           ;digital_keypad.c: 12: static unsigned char once = 1;
   460                           ;digital_keypad.c: 14: if (detection_type == 1)
   461  000716  0401               	decf	read_digital_keypad@detection_type,w,c
   462  000718  A4D8               	btfss	status,2,c
   463  00071A  D015               	goto	l743
   464                           
   465                           ;digital_keypad.c: 15: {
   466                           ;digital_keypad.c: 16: if (((PORTC & 0x0F) != 0x0F) && once)
   467  00071C  5082               	movf	3970,w,c	;volatile
   468  00071E  0B0F               	andlw	15
   469  000720  0A0F               	xorlw	15
   470  000722  B4D8               	btfsc	status,2,c
   471  000724  D008               	goto	l739
   472  000726  5007               	movf	read_digital_keypad@once,w,c
   473  000728  B4D8               	btfsc	status,2,c
   474  00072A  D005               	goto	l739
   475                           
   476                           ;digital_keypad.c: 17: {
   477                           ;digital_keypad.c: 18: once = 0;
   478  00072C  0E00               	movlw	0
   479  00072E  6E07               	movwf	read_digital_keypad@once,c
   480  000730                     l733:
   481                           
   482                           ;digital_keypad.c: 20: return (PORTC & 0x0F);
   483  000730  5082               	movf	3970,w,c	;volatile
   484  000732  0B0F               	andlw	15
   485  000734  0012               	return	
   486  000736                     l739:
   487                           
   488                           ;digital_keypad.c: 22: else if ((PORTC & 0x0F) == 0x0F)
   489  000736  5082               	movf	3970,w,c	;volatile
   490  000738  0B0F               	andlw	15
   491  00073A  0A0F               	xorlw	15
   492  00073C  A4D8               	btfss	status,2,c
   493  00073E  D006               	goto	l749
   494                           
   495                           ;digital_keypad.c: 23: {
   496                           ;digital_keypad.c: 24: once = 1;
   497  000740  0E01               	movlw	1
   498  000742  6E07               	movwf	read_digital_keypad@once,c
   499                           
   500                           ;digital_keypad.c: 25: }
   501                           ;digital_keypad.c: 26: }
   502  000744  D003               	goto	l749
   503  000746                     l743:
   504                           
   505                           ;digital_keypad.c: 27: else if (detection_type == 0)
   506  000746  5001               	movf	read_digital_keypad@detection_type,w,c
   507  000748  B4D8               	btfsc	status,2,c
   508  00074A  D7F2               	goto	l733
   509  00074C                     l749:
   510                           
   511                           ;digital_keypad.c: 30: }
   512                           ;digital_keypad.c: 32: return 0xFF;
   513  00074C  0EFF               	movlw	255
   514  00074E  0012               	return	
   515  000750                     __end_of_read_digital_keypad:
   516                           	opt stack 0
   517                           tblptru	equ	0xFF8
   518                           tblptrh	equ	0xFF7
   519                           tblptrl	equ	0xFF6
   520                           tablat	equ	0xFF5
   521                           status	equ	0xFD8
   522                           
   523 ;; *************** function _init_config *****************
   524 ;; Defined at:
   525 ;;		line 14 in file "main.c"
   526 ;; Parameters:    Size  Location     Type
   527 ;;		None
   528 ;; Auto vars:     Size  Location     Type
   529 ;;		None
   530 ;; Return value:  Size  Location     Type
   531 ;;                  1    wreg      void 
   532 ;; Registers used:
   533 ;;		wreg, status,2, status,0, tblptrl, tblptrh, tblptru, cstack
   534 ;; Tracked objects:
   535 ;;		On entry : 0/0
   536 ;;		On exit  : 0/0
   537 ;;		Unchanged: 0/0
   538 ;; Data sizes:     COMRAM   BANK0   BANK1   BANK2   BANK3   BANK4   BANK5
   539 ;;      Params:         0       0       0       0       0       0       0
   540 ;;      Locals:         0       0       0       0       0       0       0
   541 ;;      Temps:          0       0       0       0       0       0       0
   542 ;;      Totals:         0       0       0       0       0       0       0
   543 ;;Total ram usage:        0 bytes
   544 ;; Hardware stack levels used:    1
   545 ;; Hardware stack levels required when called:    2
   546 ;; This function calls:
   547 ;;		_init_digital_keypad
   548 ;;		_init_uart
   549 ;;		_puts
   550 ;; This function is called by:
   551 ;;		_main
   552 ;; This function uses a non-reentrant model
   553 ;;
   554                           
   555                           	psect	text2
   556  00079A                     __ptext2:
   557                           	opt stack 0
   558  00079A                     _init_config:
   559                           	opt stack 28
   560                           
   561                           ;main.c: 16: init_uart();
   562                           
   563                           ;incstack = 0
   564  00079A  ECD8  F003         	call	_init_uart	;wreg free
   565                           
   566                           ;main.c: 17: init_digital_keypad();
   567  00079E  ECE7  F003         	call	_init_digital_keypad	;wreg free
   568                           
   569                           ;main.c: 19: puts("Key detection feedback using UART\n\r");
   570  0007A2  0E01               	movlw	low STR_1
   571  0007A4  6E02               	movwf	puts@s,c
   572  0007A6  0E06               	movlw	high STR_1
   573  0007A8  6E03               	movwf	puts@s+1,c
   574  0007AA  ECA8  F003         	call	_puts	;wreg free
   575  0007AE  0012               	return		;funcret
   576  0007B0                     __end_of_init_config:
   577                           	opt stack 0
   578                           tblptru	equ	0xFF8
   579                           tblptrh	equ	0xFF7
   580                           tblptrl	equ	0xFF6
   581                           tablat	equ	0xFF5
   582                           status	equ	0xFD8
   583                           
   584 ;; *************** function _puts *****************
   585 ;; Defined at:
   586 ;;		line 40 in file "uart.c"
   587 ;; Parameters:    Size  Location     Type
   588 ;;  s               2    1[COMRAM] PTR const unsigned char 
   589 ;;		 -> STR_6(19), STR_5(19), STR_4(19), STR_3(19), 
   590 ;;		 -> STR_2(25), STR_1(36), 
   591 ;; Auto vars:     Size  Location     Type
   592 ;;		None
   593 ;; Return value:  Size  Location     Type
   594 ;;                  2    1[COMRAM] int 
   595 ;; Registers used:
   596 ;;		wreg, status,2, status,0, tblptrl, tblptrh, tblptru, cstack
   597 ;; Tracked objects:
   598 ;;		On entry : 0/0
   599 ;;		On exit  : 0/0
   600 ;;		Unchanged: 0/0
   601 ;; Data sizes:     COMRAM   BANK0   BANK1   BANK2   BANK3   BANK4   BANK5
   602 ;;      Params:         2       0       0       0       0       0       0
   603 ;;      Locals:         0       0       0       0       0       0       0
   604 ;;      Temps:          0       0       0       0       0       0       0
   605 ;;      Totals:         2       0       0       0       0       0       0
   606 ;;Total ram usage:        2 bytes
   607 ;; Hardware stack levels used:    1
   608 ;; Hardware stack levels required when called:    1
   609 ;; This function calls:
   610 ;;		_putch
   611 ;; This function is called by:
   612 ;;		_init_config
   613 ;;		_main
   614 ;; This function uses a non-reentrant model
   615 ;;
   616                           
   617                           	psect	text3
   618  000750                     __ptext3:
   619                           	opt stack 0
   620  000750                     _puts:
   621                           	opt stack 29
   622                           
   623                           ;uart.c: 42: while(*s)
   624                           
   625                           ;incstack = 0
   626  000750  D00A               	goto	l799
   627  000752                     l795:
   628                           
   629                           ;uart.c: 43: {
   630                           ;uart.c: 44: putch(*s++);
   631  000752  C002  FFF6         	movff	puts@s,tblptrl
   632  000756  C003  FFF7         	movff	puts@s+1,tblptrh
   633  00075A                     	if	0	;tblptru may be non-zero
   634  00075A                     	endif
   635  00075A                     	if	0	;tblptru may be non-zero
   636  00075A                     	endif
   637  00075A  0008               	tblrd		*
   638  00075C  50F5               	movf	tablat,w,c
   639  00075E  ECE1  F003         	call	_putch
   640  000762  4A02               	infsnz	puts@s,f,c
   641  000764  2A03               	incf	puts@s+1,f,c
   642  000766                     l799:
   643  000766  C002  FFF6         	movff	puts@s,tblptrl
   644  00076A  C003  FFF7         	movff	puts@s+1,tblptrh
   645  00076E                     	if	0	;tblptru may be non-zero
   646  00076E                     	endif
   647  00076E                     	if	0	;tblptru may be non-zero
   648  00076E                     	endif
   649  00076E  0008               	tblrd		*
   650  000770  50F5               	movf	tablat,w,c
   651  000772  0900               	iorlw	0
   652  000774  B4D8               	btfsc	status,2,c
   653  000776  0012               	return	
   654  000778  D7EC               	goto	l795
   655  00077A                     __end_of_puts:
   656                           	opt stack 0
   657                           tblptru	equ	0xFF8
   658                           tblptrh	equ	0xFF7
   659                           tblptrl	equ	0xFF6
   660                           tablat	equ	0xFF5
   661                           status	equ	0xFD8
   662                           
   663 ;; *************** function _putch *****************
   664 ;; Defined at:
   665 ;;		line 29 in file "uart.c"
   666 ;; Parameters:    Size  Location     Type
   667 ;;  byte            1    wreg     unsigned char 
   668 ;; Auto vars:     Size  Location     Type
   669 ;;  byte            1    0[COMRAM] unsigned char 
   670 ;; Return value:  Size  Location     Type
   671 ;;                  1    wreg      void 
   672 ;; Registers used:
   673 ;;		wreg
   674 ;; Tracked objects:
   675 ;;		On entry : 0/0
   676 ;;		On exit  : 0/0
   677 ;;		Unchanged: 0/0
   678 ;; Data sizes:     COMRAM   BANK0   BANK1   BANK2   BANK3   BANK4   BANK5
   679 ;;      Params:         0       0       0       0       0       0       0
   680 ;;      Locals:         1       0       0       0       0       0       0
   681 ;;      Temps:          0       0       0       0       0       0       0
   682 ;;      Totals:         1       0       0       0       0       0       0
   683 ;;Total ram usage:        1 bytes
   684 ;; Hardware stack levels used:    1
   685 ;; This function calls:
   686 ;;		Nothing
   687 ;; This function is called by:
   688 ;;		_puts
   689 ;;		_getche
   690 ;; This function uses a non-reentrant model
   691 ;;
   692                           
   693                           	psect	text4
   694  0007C2                     __ptext4:
   695                           	opt stack 0
   696  0007C2                     _putch:
   697                           	opt stack 29
   698                           
   699                           ;incstack = 0
   700                           ;putch@byte stored from wreg
   701  0007C2  6E01               	movwf	putch@byte,c
   702  0007C4                     l73:
   703  0007C4  A89E               	btfss	3998,4,c	;volatile
   704  0007C6  D7FE               	goto	l73
   705                           
   706                           ;uart.c: 36: }
   707                           ;uart.c: 37: TXREG = byte;
   708  0007C8  C001  FFAD         	movff	putch@byte,4013	;volatile
   709  0007CC  0012               	return		;funcret
   710  0007CE                     __end_of_putch:
   711                           	opt stack 0
   712                           tblptru	equ	0xFF8
   713                           tblptrh	equ	0xFF7
   714                           tblptrl	equ	0xFF6
   715                           tablat	equ	0xFF5
   716                           status	equ	0xFD8
   717                           
   718 ;; *************** function _init_uart *****************
   719 ;; Defined at:
   720 ;;		line 4 in file "uart.c"
   721 ;; Parameters:    Size  Location     Type
   722 ;;		None
   723 ;; Auto vars:     Size  Location     Type
   724 ;;		None
   725 ;; Return value:  Size  Location     Type
   726 ;;                  1    wreg      void 
   727 ;; Registers used:
   728 ;;		wreg, status,2
   729 ;; Tracked objects:
   730 ;;		On entry : 0/0
   731 ;;		On exit  : 0/0
   732 ;;		Unchanged: 0/0
   733 ;; Data sizes:     COMRAM   BANK0   BANK1   BANK2   BANK3   BANK4   BANK5
   734 ;;      Params:         0       0       0       0       0       0       0
   735 ;;      Locals:         0       0       0       0       0       0       0
   736 ;;      Temps:          0       0       0       0       0       0       0
   737 ;;      Totals:         0       0       0       0       0       0       0
   738 ;;Total ram usage:        0 bytes
   739 ;; Hardware stack levels used:    1
   740 ;; This function calls:
   741 ;;		Nothing
   742 ;; This function is called by:
   743 ;;		_init_config
   744 ;; This function uses a non-reentrant model
   745 ;;
   746                           
   747                           	psect	text5
   748  0007B0                     __ptext5:
   749                           	opt stack 0
   750  0007B0                     _init_uart:
   751                           	opt stack 29
   752                           
   753                           ;uart.c: 7: TRISC7 = 1;
   754                           
   755                           ;incstack = 0
   756  0007B0  8E94               	bsf	3988,7,c	;volatile
   757                           
   758                           ;uart.c: 8: TRISC6 = 0;
   759  0007B2  9C94               	bcf	3988,6,c	;volatile
   760                           
   761                           ;uart.c: 11: BRGH = 1;
   762  0007B4  84AC               	bsf	4012,2,c	;volatile
   763                           
   764                           ;uart.c: 12: SPEN = 1;
   765  0007B6  8EAB               	bsf	4011,7,c	;volatile
   766                           
   767                           ;uart.c: 16: CREN = 1;
   768  0007B8  88AB               	bsf	4011,4,c	;volatile
   769                           
   770                           ;uart.c: 22: SPBRG = 129;
   771  0007BA  0E81               	movlw	129
   772  0007BC  6EAF               	movwf	4015,c	;volatile
   773                           
   774                           ;uart.c: 24: RCIE = 1;
   775  0007BE  8A9D               	bsf	3997,5,c	;volatile
   776  0007C0  0012               	return		;funcret
   777  0007C2                     __end_of_init_uart:
   778                           	opt stack 0
   779                           tblptru	equ	0xFF8
   780                           tblptrh	equ	0xFF7
   781                           tblptrl	equ	0xFF6
   782                           tablat	equ	0xFF5
   783                           status	equ	0xFD8
   784                           
   785 ;; *************** function _init_digital_keypad *****************
   786 ;; Defined at:
   787 ;;		line 4 in file "digital_keypad.c"
   788 ;; Parameters:    Size  Location     Type
   789 ;;		None
   790 ;; Auto vars:     Size  Location     Type
   791 ;;		None
   792 ;; Return value:  Size  Location     Type
   793 ;;                  1    wreg      void 
   794 ;; Registers used:
   795 ;;		wreg, status,2, status,0
   796 ;; Tracked objects:
   797 ;;		On entry : 0/0
   798 ;;		On exit  : 0/0
   799 ;;		Unchanged: 0/0
   800 ;; Data sizes:     COMRAM   BANK0   BANK1   BANK2   BANK3   BANK4   BANK5
   801 ;;      Params:         0       0       0       0       0       0       0
   802 ;;      Locals:         0       0       0       0       0       0       0
   803 ;;      Temps:          0       0       0       0       0       0       0
   804 ;;      Totals:         0       0       0       0       0       0       0
   805 ;;Total ram usage:        0 bytes
   806 ;; Hardware stack levels used:    1
   807 ;; This function calls:
   808 ;;		Nothing
   809 ;; This function is called by:
   810 ;;		_init_config
   811 ;; This function uses a non-reentrant model
   812 ;;
   813                           
   814                           	psect	text6
   815  0007CE                     __ptext6:
   816                           	opt stack 0
   817  0007CE                     _init_digital_keypad:
   818                           	opt stack 29
   819                           
   820                           ;digital_keypad.c: 6: TRISC = TRISC | 0x0F;
   821                           
   822                           ;incstack = 0
   823  0007CE  5094               	movf	3988,w,c	;volatile
   824  0007D0  090F               	iorlw	15
   825  0007D2  6E94               	movwf	3988,c	;volatile
   826  0007D4  0012               	return		;funcret
   827  0007D6                     __end_of_init_digital_keypad:
   828                           	opt stack 0
   829                           tblptru	equ	0xFF8
   830                           tblptrh	equ	0xFF7
   831                           tblptrl	equ	0xFF6
   832                           tablat	equ	0xFF5
   833                           status	equ	0xFD8
   834                           tblptru	equ	0xFF8
   835                           tblptrh	equ	0xFF7
   836                           tblptrl	equ	0xFF6
   837                           tablat	equ	0xFF5
   838                           status	equ	0xFD8
   839                           
   840                           	psect	rparam
   841  0000                     tblptru	equ	0xFF8
   842                           tblptrh	equ	0xFF7
   843                           tblptrl	equ	0xFF6
   844                           tablat	equ	0xFF5
   845                           status	equ	0xFD8


Data Sizes:
    Strings     137
    Constant    0
    Data        1
    BSS         0
    Persistent  0
    Stack       0

Auto Spaces:
    Space          Size  Autos    Used
    COMRAM           95      6       7
    BANK0           160      0       0
    BANK1           256      0       0
    BANK2           256      0       0
    BANK3           256      0       0
    BANK4           256      0       0
    BANK5           256      0       0

Pointer List with Targets:

    puts@s	PTR const unsigned char  size(2) Largest target is 36
		 -> STR_6(CODE[19]), STR_5(CODE[19]), STR_4(CODE[19]), STR_3(CODE[19]), 
		 -> STR_2(CODE[25]), STR_1(CODE[36]), 


Critical Paths under _main in COMRAM

    _main->_puts
    _init_config->_puts
    _puts->_putch

Critical Paths under _main in BANK0

    None.

Critical Paths under _main in BANK1

    None.

Critical Paths under _main in BANK2

    None.

Critical Paths under _main in BANK3

    None.

Critical Paths under _main in BANK4

    None.

Critical Paths under _main in BANK5

    None.

Call Graph Tables:

 ---------------------------------------------------------------------------------
 (Depth) Function   	        Calls       Base Space   Used Autos Params    Refs
 ---------------------------------------------------------------------------------
 (0) _main                                                 3     3      0    1030
                                              3 COMRAM     3     3      0
                        _init_config
                               _puts
                _read_digital_keypad
 ---------------------------------------------------------------------------------
 (1) _read_digital_keypad                                  1     1      0      30
                                              0 COMRAM     1     1      0
 ---------------------------------------------------------------------------------
 (1) _init_config                                          0     0      0     444
                _init_digital_keypad
                          _init_uart
                               _puts
 ---------------------------------------------------------------------------------
 (1) _puts                                                 2     0      2     444
                                              1 COMRAM     2     0      2
                              _putch
 ---------------------------------------------------------------------------------
 (2) _putch                                                1     1      0      15
                                              0 COMRAM     1     1      0
 ---------------------------------------------------------------------------------
 (2) _init_uart                                            0     0      0       0
 ---------------------------------------------------------------------------------
 (2) _init_digital_keypad                                  0     0      0       0
 ---------------------------------------------------------------------------------
 Estimated maximum stack depth 2
 ---------------------------------------------------------------------------------

 Call Graph Graphs:

 _main (ROOT)
   _init_config
     _init_digital_keypad
     _init_uart
     _puts
       _putch
   _puts
     _putch
   _read_digital_keypad

 Address spaces:
Name               Size   Autos  Total    Cost      Usage
BIGRAM             5FF      0       0      16        0.0%
EEDATA             100      0       0       0        0.0%
BITBANK5           100      0       0      14        0.0%
BANK5              100      0       0      15        0.0%
BITBANK4           100      0       0      12        0.0%
BANK4              100      0       0      13        0.0%
BITBANK3           100      0       0      10        0.0%
BANK3              100      0       0      11        0.0%
BITBANK2           100      0       0       8        0.0%
BANK2              100      0       0       9        0.0%
BITBANK1           100      0       0       6        0.0%
BANK1              100      0       0       7        0.0%
BITBANK0            A0      0       0       4        0.0%
BANK0               A0      0       0       5        0.0%
BITCOMRAM           5F      0       0       0        0.0%
COMRAM              5F      6       7       1        7.4%
BITSFR_3             0      0       0      40        0.0%
SFR_3                0      0       0      40        0.0%
BITSFR_2             0      0       0      40        0.0%
SFR_2                0      0       0      40        0.0%
BITSFR_1             0      0       0      40        0.0%
SFR_1                0      0       0      40        0.0%
BITSFR               0      0       0      40        0.0%
SFR                  0      0       0      40        0.0%
STACK                0      0       0       2        0.0%
NULL                 0      0       0       0        0.0%
ABS                  0      0       7       3        0.0%
DATA                 0      0       7      17        0.0%
CODE                 0      0       0       0        0.0%


Microchip Technology PIC18 Macro Assembler V1.36 build -262312587 
Symbol Table                                                                                   Thu Oct 20 11:53:58 2022

                               l73 07C4                                l733 0730  
                              l743 0746                                l823 06E6  
                              l815 06BA                                l809 069C  
                              l739 0736                                l819 06D0  
                              l827 06FA                                l749 074C  
                              l829 0702                                l795 0752  
                              l799 0766              ??_read_digital_keypad 0001  
                             STR_1 0601                               STR_2 0625  
                             STR_3 063E                               STR_4 0651  
                             STR_5 0664                               STR_6 0677  
                             _BRGH 007D62                               _CREN 007D5C  
                             _RCIE 007CED                               _RCIF 007CF5  
                             _SPEN 007D5F                               _TXIF 007CF4  
                             _main 068C                               _puts 0750  
                             start 0000                       ___param_bank 000010  
                            ?_main 0001                              ?_puts 0002  
                     ?_init_config 0001                              _RCREG 000FAE  
                            _SPBRG 000FAF                              _PORTC 000F82  
                            _TRISC 000F94                              _TXREG 000FAD  
                            _putch 07C2                              main@i 0004  
                            tablat 000FF5                              puts@s 0002  
                            status 000FD8                    __initialization 077A  
                     __end_of_main 0714                       __end_of_puts 077A  
                           ??_main 0004                             ??_puts 0004  
                    __activetblptr 000001                             ?_putch 0001  
                           _TRISC6 007CA6                             _TRISC7 007CA7  
      __end_of_init_digital_keypad 07D6                       __pdataCOMRAM 0007  
                     __mediumconst 0000                             tblptrh 000FF7  
                           tblptrl 000FF6                             tblptru 000FF8  
                       __accesstop 0060            __end_of__initialization 078C  
                    ___rparam_used 000001                     __pcstackCOMRAM 0001  
                    __end_of_putch 07CE               __size_of_init_config 0016  
                          ??_putch 0001                 __size_of_init_uart 0012  
      __end_of_read_digital_keypad 0750                            __Hparam 0000  
                          __Lparam 0000                       __psmallconst 0600  
                          __pcinit 077A                            __ramtop 0600  
                          __ptext0 068C                            __ptext1 0714  
                          __ptext2 079A                            __ptext3 0750  
                          __ptext4 07C2                            __ptext5 07B0  
                          __ptext6 07CE                  __end_of_init_uart 07C2  
                          main@key 0006               end_of_initialization 078C  
     __size_of_init_digital_keypad 0008                      __pidataCOMRAM 07D6  
              start_initialization 077A                      ??_init_config 0004  
                      __smallconst 0600                __end_of_init_config 07B0  
                        _init_uart 07B0                     __size_of_putch 000C  
     __size_of_read_digital_keypad 003C  read_digital_keypad@detection_type 0001  
                       ?_init_uart 0001                _init_digital_keypad 07CE  
                         __Hrparam 0000                           __Lrparam 0000  
                     __Lsmallconst 0600               ?_init_digital_keypad 0001  
                      _init_config 079A                      __size_of_main 0088  
          read_digital_keypad@once 0007                      __size_of_puts 002A  
            ??_init_digital_keypad 0001                          putch@byte 0001  
                      ??_init_uart 0001                _read_digital_keypad 0714  
             ?_read_digital_keypad 0001  
